#
# There is insufficient memory for the Java Runtime Environment to continue.
# Native memory allocation (malloc) failed to allocate 32744 bytes for Chunk::new
# Possible reasons:
#   The system is out of physical RAM or swap space
#   The process is running with CompressedOops enabled, and the Java Heap may be blocking the growth of the native heap
# Possible solutions:
#   Reduce memory load on the system
#   Increase physical memory or swap space
#   Check if swap backing store is full
#   Decrease Java heap size (-Xmx/-Xms)
#   Decrease number of Java threads
#   Decrease Java thread stack sizes (-Xss)
#   Set larger code cache with -XX:ReservedCodeCacheSize=
#   JVM is running with Unscaled Compressed Oops mode in which the Java heap is
#     placed in the first 4GB address space. The Java Heap base address is the
#     maximum limit for the native heap growth. Please use -XX:HeapBaseMinAddress
#     to set the Java Heap base and to place the Java Heap above 4GB virtual address.
# This output file may be truncated or incomplete.
#
#  Out of Memory Error (arena.cpp:168), pid=18772, tid=17488
#
# JRE version: Java(TM) SE Runtime Environment (21.0.2+13) (build 21.0.2+13-LTS-58)
# Java VM: Java HotSpot(TM) 64-Bit Server VM (21.0.2+13-LTS-58, mixed mode, tiered, compressed oops, compressed class ptrs, g1 gc, windows-amd64)
# No core dump will be written. Minidumps are not enabled by default on client versions of Windows
#

---------------  S U M M A R Y ------------

Command Line: -Dfile.encoding=UTF-8 --module-path=D:\DATA TOPSECRET\PenjualanDataMobilSportsTOPSECRET\build\classes penjualandatamobilsportstopsecret.PenjualanDataMobilSportsTOPSECRET

Host: AMD Ryzen 7 4800H with Radeon Graphics         , 16 cores, 7G,  Windows 11 , 64 bit Build 22621 (10.0.22621.3527)
Time: Fri May 31 15:21:58 2024 Malay Peninsula Standard Time elapsed time: 0.406645 seconds (0d 0h 0m 0s)

---------------  T H R E A D  ---------------

Current thread (0x00000150c07069a0):  JavaThread "C2 CompilerThread1" daemon [_thread_in_native, id=17488, stack(0x00000034dcf00000,0x00000034dd000000) (1024K)]


Current CompileTask:
C2:    406  467       4       java.util.Properties::loadConvert (540 bytes)

Stack: [0x00000034dcf00000,0x00000034dd000000]
Native frames: (J=compiled Java code, j=interpreted, Vv=VM code, C=native code)
V  [jvm.dll+0x6cade9]
V  [jvm.dll+0x8569c1]
V  [jvm.dll+0x858d2e]
V  [jvm.dll+0x859413]
V  [jvm.dll+0x280e56]
V  [jvm.dll+0xc3f3d]
V  [jvm.dll+0xc4473]
V  [jvm.dll+0xc4065]
V  [jvm.dll+0x83ee2c]
V  [jvm.dll+0x5e4557]
V  [jvm.dll+0x5e3df2]
V  [jvm.dll+0x5e3440]
V  [jvm.dll+0x5e3454]
V  [jvm.dll+0x5f57a5]
V  [jvm.dll+0x252d7f]
V  [jvm.dll+0x24b637]
V  [jvm.dll+0x2490a3]
V  [jvm.dll+0x1c9634]
V  [jvm.dll+0x258859]
V  [jvm.dll+0x256e3a]
V  [jvm.dll+0x3ef6c6]
V  [jvm.dll+0x7ff568]
V  [jvm.dll+0x6c953d]
C  [ucrtbase.dll+0x29333]
C  [KERNEL32.DLL+0x1257d]
C  [ntdll.dll+0x5aa48]


---------------  P R O C E S S  ---------------

Threads class SMR info:
_java_thread_list=0x00000150c504eaa0, length=14, elements={
0x00000150a3279200, 0x00000150c04c9880, 0x00000150c05081a0, 0x00000150c051a220,
0x00000150c04f62c0, 0x00000150c04f6d20, 0x00000150c04f7ae0, 0x00000150c04fa1d0,
0x00000150c04fae20, 0x00000150c0401b70, 0x00000150c06d3070, 0x00000150c07069a0,
0x00000150c501d050, 0x00000150c504bbf0
}

Java Threads: ( => current thread )
  0x00000150a3279200 JavaThread "main"                              [_thread_in_vm, id=13116, stack(0x00000034dbd00000,0x00000034dbe00000) (1024K)]
  0x00000150c04c9880 JavaThread "Reference Handler"          daemon [_thread_blocked, id=23384, stack(0x00000034dc500000,0x00000034dc600000) (1024K)]
  0x00000150c05081a0 JavaThread "Finalizer"                  daemon [_thread_blocked, id=6308, stack(0x00000034dc600000,0x00000034dc700000) (1024K)]
  0x00000150c051a220 JavaThread "Signal Dispatcher"          daemon [_thread_blocked, id=9956, stack(0x00000034dc700000,0x00000034dc800000) (1024K)]
  0x00000150c04f62c0 JavaThread "Attach Listener"            daemon [_thread_blocked, id=25364, stack(0x00000034dc800000,0x00000034dc900000) (1024K)]
  0x00000150c04f6d20 JavaThread "Service Thread"             daemon [_thread_blocked, id=7264, stack(0x00000034dc900000,0x00000034dca00000) (1024K)]
  0x00000150c04f7ae0 JavaThread "Monitor Deflation Thread"   daemon [_thread_blocked, id=26968, stack(0x00000034dca00000,0x00000034dcb00000) (1024K)]
  0x00000150c04fa1d0 JavaThread "C2 CompilerThread0"         daemon [_thread_in_native, id=20932, stack(0x00000034dcb00000,0x00000034dcc00000) (1024K)]
  0x00000150c04fae20 JavaThread "C1 CompilerThread0"         daemon [_thread_blocked, id=17264, stack(0x00000034dcc00000,0x00000034dcd00000) (1024K)]
  0x00000150c0401b70 JavaThread "Common-Cleaner"             daemon [_thread_blocked, id=18120, stack(0x00000034dcd00000,0x00000034dce00000) (1024K)]
  0x00000150c06d3070 JavaThread "C1 CompilerThread1"         daemon [_thread_blocked, id=26764, stack(0x00000034dce00000,0x00000034dcf00000) (1024K)]
=>0x00000150c07069a0 JavaThread "C2 CompilerThread1"         daemon [_thread_in_native, id=17488, stack(0x00000034dcf00000,0x00000034dd000000) (1024K)]
  0x00000150c501d050 JavaThread "Notification Thread"        daemon [_thread_blocked, id=25864, stack(0x00000034dd000000,0x00000034dd100000) (1024K)]
  0x00000150c504bbf0 JavaThread "mysql-cj-abandoned-connection-cleanup" daemon [_thread_blocked, id=23992, stack(0x00000034dd100000,0x00000034dd200000) (1024K)]
Total: 14

Other Threads:
  0x00000150c0452680 VMThread "VM Thread"                           [id=12172, stack(0x00000034dc400000,0x00000034dc500000) (1024K)]
  0x00000150c03ffd00 WatcherThread "VM Periodic Task Thread"        [id=7568, stack(0x00000034dc300000,0x00000034dc400000) (1024K)]
  0x00000150a32c8320 WorkerThread "GC Thread#0"                     [id=26508, stack(0x00000034dbe00000,0x00000034dbf00000) (1024K)]
  0x00000150a32d8230 ConcurrentGCThread "G1 Main Marker"            [id=23908, stack(0x00000034dbf00000,0x00000034dc000000) (1024K)]
  0x00000150a32d94d0 WorkerThread "G1 Conc#0"                       [id=14448, stack(0x00000034dc000000,0x00000034dc100000) (1024K)]
  0x00000150a333eb20 ConcurrentGCThread "G1 Refine#0"               [id=24492, stack(0x00000034dc100000,0x00000034dc200000) (1024K)]
  0x00000150c02d38b0 ConcurrentGCThread "G1 Service"                [id=16052, stack(0x00000034dc200000,0x00000034dc300000) (1024K)]
Total: 7

Threads with active compile tasks:
C2 CompilerThread0      447  470 %     4       java.util.Properties$LineReader::readLine @ 53 (584 bytes)
C2 CompilerThread1      447  467       4       java.util.Properties::loadConvert (540 bytes)
Total: 2

VM state: not at safepoint (normal execution)

VM Mutex/Monitor currently owned by a thread:  ([mutex/lock_event])
[0x00007ff95863ace8] Metaspace_lock - owner thread: 0x00000150a3279200

Heap address: 0x0000000089400000, size: 1900 MB, Compressed Oops mode: 32-bit

CDS archive(s) not mapped
Compressed class space mapped at: 0x0000000100000000-0x0000000140000000, reserved size: 1073741824
Narrow klass base: 0x0000000000000000, Narrow klass shift: 3, Narrow klass range: 0x140000000

GC Precious Log:
 CardTable entry size: 512
 Card Set container configuration: InlinePtr #cards 5 size 8 Array Of Cards #cards 12 size 40 Howl #buckets 4 coarsen threshold 1843 Howl Bitmap #cards 512 size 80 coarsen threshold 460 Card regions per heap region 1 cards per card region 2048
 CPUs: 16 total, 16 available
 Memory: 7599M
 Large Page Support: Disabled
 NUMA Support: Disabled
 Compressed Oops: Enabled (32-bit)
 Heap Region Size: 1M
 Heap Min Capacity: 8M
 Heap Initial Capacity: 120M
 Heap Max Capacity: 1900M
 Pre-touch: Disabled
 Parallel Workers: 13
 Concurrent Workers: 3
 Concurrent Refinement Workers: 13
 Periodic GC: Disabled

Heap:
 garbage-first heap   total 122880K, used 5120K [0x0000000089400000, 0x0000000100000000)
  region size 1024K, 6 young (6144K), 0 survivors (0K)
 Metaspace       used 9331K, committed 9472K, reserved 1114112K
  class space    used 798K, committed 896K, reserved 1048576K

Heap Regions: E=young(eden), S=young(survivor), O=old, HS=humongous(starts), HC=humongous(continues), CS=collection set, F=free, TAMS=top-at-mark-start, PB=parsable bottom
|   0|0x0000000089400000, 0x0000000089400000, 0x0000000089500000|  0%| F|  |TAMS 0x0000000089400000| PB 0x0000000089400000| Untracked 
|   1|0x0000000089500000, 0x0000000089500000, 0x0000000089600000|  0%| F|  |TAMS 0x0000000089500000| PB 0x0000000089500000| Untracked 
|   2|0x0000000089600000, 0x0000000089600000, 0x0000000089700000|  0%| F|  |TAMS 0x0000000089600000| PB 0x0000000089600000| Untracked 
|   3|0x0000000089700000, 0x0000000089700000, 0x0000000089800000|  0%| F|  |TAMS 0x0000000089700000| PB 0x0000000089700000| Untracked 
|   4|0x0000000089800000, 0x0000000089800000, 0x0000000089900000|  0%| F|  |TAMS 0x0000000089800000| PB 0x0000000089800000| Untracked 
|   5|0x0000000089900000, 0x0000000089900000, 0x0000000089a00000|  0%| F|  |TAMS 0x0000000089900000| PB 0x0000000089900000| Untracked 
|   6|0x0000000089a00000, 0x0000000089a00000, 0x0000000089b00000|  0%| F|  |TAMS 0x0000000089a00000| PB 0x0000000089a00000| Untracked 
|   7|0x0000000089b00000, 0x0000000089b00000, 0x0000000089c00000|  0%| F|  |TAMS 0x0000000089b00000| PB 0x0000000089b00000| Untracked 
|   8|0x0000000089c00000, 0x0000000089c00000, 0x0000000089d00000|  0%| F|  |TAMS 0x0000000089c00000| PB 0x0000000089c00000| Untracked 
|   9|0x0000000089d00000, 0x0000000089d00000, 0x0000000089e00000|  0%| F|  |TAMS 0x0000000089d00000| PB 0x0000000089d00000| Untracked 
|  10|0x0000000089e00000, 0x0000000089e00000, 0x0000000089f00000|  0%| F|  |TAMS 0x0000000089e00000| PB 0x0000000089e00000| Untracked 
|  11|0x0000000089f00000, 0x0000000089f00000, 0x000000008a000000|  0%| F|  |TAMS 0x0000000089f00000| PB 0x0000000089f00000| Untracked 
|  12|0x000000008a000000, 0x000000008a000000, 0x000000008a100000|  0%| F|  |TAMS 0x000000008a000000| PB 0x000000008a000000| Untracked 
|  13|0x000000008a100000, 0x000000008a100000, 0x000000008a200000|  0%| F|  |TAMS 0x000000008a100000| PB 0x000000008a100000| Untracked 
|  14|0x000000008a200000, 0x000000008a200000, 0x000000008a300000|  0%| F|  |TAMS 0x000000008a200000| PB 0x000000008a200000| Untracked 
|  15|0x000000008a300000, 0x000000008a300000, 0x000000008a400000|  0%| F|  |TAMS 0x000000008a300000| PB 0x000000008a300000| Untracked 
|  16|0x000000008a400000, 0x000000008a400000, 0x000000008a500000|  0%| F|  |TAMS 0x000000008a400000| PB 0x000000008a400000| Untracked 
|  17|0x000000008a500000, 0x000000008a500000, 0x000000008a600000|  0%| F|  |TAMS 0x000000008a500000| PB 0x000000008a500000| Untracked 
|  18|0x000000008a600000, 0x000000008a600000, 0x000000008a700000|  0%| F|  |TAMS 0x000000008a600000| PB 0x000000008a600000| Untracked 
|  19|0x000000008a700000, 0x000000008a700000, 0x000000008a800000|  0%| F|  |TAMS 0x000000008a700000| PB 0x000000008a700000| Untracked 
|  20|0x000000008a800000, 0x000000008a800000, 0x000000008a900000|  0%| F|  |TAMS 0x000000008a800000| PB 0x000000008a800000| Untracked 
|  21|0x000000008a900000, 0x000000008a900000, 0x000000008aa00000|  0%| F|  |TAMS 0x000000008a900000| PB 0x000000008a900000| Untracked 
|  22|0x000000008aa00000, 0x000000008aa00000, 0x000000008ab00000|  0%| F|  |TAMS 0x000000008aa00000| PB 0x000000008aa00000| Untracked 
|  23|0x000000008ab00000, 0x000000008ab00000, 0x000000008ac00000|  0%| F|  |TAMS 0x000000008ab00000| PB 0x000000008ab00000| Untracked 
|  24|0x000000008ac00000, 0x000000008ac00000, 0x000000008ad00000|  0%| F|  |TAMS 0x000000008ac00000| PB 0x000000008ac00000| Untracked 
|  25|0x000000008ad00000, 0x000000008ad00000, 0x000000008ae00000|  0%| F|  |TAMS 0x000000008ad00000| PB 0x000000008ad00000| Untracked 
|  26|0x000000008ae00000, 0x000000008ae00000, 0x000000008af00000|  0%| F|  |TAMS 0x000000008ae00000| PB 0x000000008ae00000| Untracked 
|  27|0x000000008af00000, 0x000000008af00000, 0x000000008b000000|  0%| F|  |TAMS 0x000000008af00000| PB 0x000000008af00000| Untracked 
|  28|0x000000008b000000, 0x000000008b000000, 0x000000008b100000|  0%| F|  |TAMS 0x000000008b000000| PB 0x000000008b000000| Untracked 
|  29|0x000000008b100000, 0x000000008b100000, 0x000000008b200000|  0%| F|  |TAMS 0x000000008b100000| PB 0x000000008b100000| Untracked 
|  30|0x000000008b200000, 0x000000008b200000, 0x000000008b300000|  0%| F|  |TAMS 0x000000008b200000| PB 0x000000008b200000| Untracked 
|  31|0x000000008b300000, 0x000000008b300000, 0x000000008b400000|  0%| F|  |TAMS 0x000000008b300000| PB 0x000000008b300000| Untracked 
|  32|0x000000008b400000, 0x000000008b400000, 0x000000008b500000|  0%| F|  |TAMS 0x000000008b400000| PB 0x000000008b400000| Untracked 
|  33|0x000000008b500000, 0x000000008b500000, 0x000000008b600000|  0%| F|  |TAMS 0x000000008b500000| PB 0x000000008b500000| Untracked 
|  34|0x000000008b600000, 0x000000008b600000, 0x000000008b700000|  0%| F|  |TAMS 0x000000008b600000| PB 0x000000008b600000| Untracked 
|  35|0x000000008b700000, 0x000000008b700000, 0x000000008b800000|  0%| F|  |TAMS 0x000000008b700000| PB 0x000000008b700000| Untracked 
|  36|0x000000008b800000, 0x000000008b800000, 0x000000008b900000|  0%| F|  |TAMS 0x000000008b800000| PB 0x000000008b800000| Untracked 
|  37|0x000000008b900000, 0x000000008b900000, 0x000000008ba00000|  0%| F|  |TAMS 0x000000008b900000| PB 0x000000008b900000| Untracked 
|  38|0x000000008ba00000, 0x000000008ba00000, 0x000000008bb00000|  0%| F|  |TAMS 0x000000008ba00000| PB 0x000000008ba00000| Untracked 
|  39|0x000000008bb00000, 0x000000008bb00000, 0x000000008bc00000|  0%| F|  |TAMS 0x000000008bb00000| PB 0x000000008bb00000| Untracked 
|  40|0x000000008bc00000, 0x000000008bc00000, 0x000000008bd00000|  0%| F|  |TAMS 0x000000008bc00000| PB 0x000000008bc00000| Untracked 
|  41|0x000000008bd00000, 0x000000008bd00000, 0x000000008be00000|  0%| F|  |TAMS 0x000000008bd00000| PB 0x000000008bd00000| Untracked 
|  42|0x000000008be00000, 0x000000008be00000, 0x000000008bf00000|  0%| F|  |TAMS 0x000000008be00000| PB 0x000000008be00000| Untracked 
|  43|0x000000008bf00000, 0x000000008bf00000, 0x000000008c000000|  0%| F|  |TAMS 0x000000008bf00000| PB 0x000000008bf00000| Untracked 
|  44|0x000000008c000000, 0x000000008c000000, 0x000000008c100000|  0%| F|  |TAMS 0x000000008c000000| PB 0x000000008c000000| Untracked 
|  45|0x000000008c100000, 0x000000008c100000, 0x000000008c200000|  0%| F|  |TAMS 0x000000008c100000| PB 0x000000008c100000| Untracked 
|  46|0x000000008c200000, 0x000000008c200000, 0x000000008c300000|  0%| F|  |TAMS 0x000000008c200000| PB 0x000000008c200000| Untracked 
|  47|0x000000008c300000, 0x000000008c300000, 0x000000008c400000|  0%| F|  |TAMS 0x000000008c300000| PB 0x000000008c300000| Untracked 
|  48|0x000000008c400000, 0x000000008c400000, 0x000000008c500000|  0%| F|  |TAMS 0x000000008c400000| PB 0x000000008c400000| Untracked 
|  49|0x000000008c500000, 0x000000008c500000, 0x000000008c600000|  0%| F|  |TAMS 0x000000008c500000| PB 0x000000008c500000| Untracked 
|  50|0x000000008c600000, 0x000000008c600000, 0x000000008c700000|  0%| F|  |TAMS 0x000000008c600000| PB 0x000000008c600000| Untracked 
|  51|0x000000008c700000, 0x000000008c700000, 0x000000008c800000|  0%| F|  |TAMS 0x000000008c700000| PB 0x000000008c700000| Untracked 
|  52|0x000000008c800000, 0x000000008c800000, 0x000000008c900000|  0%| F|  |TAMS 0x000000008c800000| PB 0x000000008c800000| Untracked 
|  53|0x000000008c900000, 0x000000008c900000, 0x000000008ca00000|  0%| F|  |TAMS 0x000000008c900000| PB 0x000000008c900000| Untracked 
|  54|0x000000008ca00000, 0x000000008ca00000, 0x000000008cb00000|  0%| F|  |TAMS 0x000000008ca00000| PB 0x000000008ca00000| Untracked 
|  55|0x000000008cb00000, 0x000000008cb00000, 0x000000008cc00000|  0%| F|  |TAMS 0x000000008cb00000| PB 0x000000008cb00000| Untracked 
|  56|0x000000008cc00000, 0x000000008cc00000, 0x000000008cd00000|  0%| F|  |TAMS 0x000000008cc00000| PB 0x000000008cc00000| Untracked 
|  57|0x000000008cd00000, 0x000000008cd00000, 0x000000008ce00000|  0%| F|  |TAMS 0x000000008cd00000| PB 0x000000008cd00000| Untracked 
|  58|0x000000008ce00000, 0x000000008ce00000, 0x000000008cf00000|  0%| F|  |TAMS 0x000000008ce00000| PB 0x000000008ce00000| Untracked 
|  59|0x000000008cf00000, 0x000000008cf00000, 0x000000008d000000|  0%| F|  |TAMS 0x000000008cf00000| PB 0x000000008cf00000| Untracked 
|  60|0x000000008d000000, 0x000000008d000000, 0x000000008d100000|  0%| F|  |TAMS 0x000000008d000000| PB 0x000000008d000000| Untracked 
|  61|0x000000008d100000, 0x000000008d100000, 0x000000008d200000|  0%| F|  |TAMS 0x000000008d100000| PB 0x000000008d100000| Untracked 
|  62|0x000000008d200000, 0x000000008d200000, 0x000000008d300000|  0%| F|  |TAMS 0x000000008d200000| PB 0x000000008d200000| Untracked 
|  63|0x000000008d300000, 0x000000008d300000, 0x000000008d400000|  0%| F|  |TAMS 0x000000008d300000| PB 0x000000008d300000| Untracked 
|  64|0x000000008d400000, 0x000000008d400000, 0x000000008d500000|  0%| F|  |TAMS 0x000000008d400000| PB 0x000000008d400000| Untracked 
|  65|0x000000008d500000, 0x000000008d500000, 0x000000008d600000|  0%| F|  |TAMS 0x000000008d500000| PB 0x000000008d500000| Untracked 
|  66|0x000000008d600000, 0x000000008d600000, 0x000000008d700000|  0%| F|  |TAMS 0x000000008d600000| PB 0x000000008d600000| Untracked 
|  67|0x000000008d700000, 0x000000008d700000, 0x000000008d800000|  0%| F|  |TAMS 0x000000008d700000| PB 0x000000008d700000| Untracked 
|  68|0x000000008d800000, 0x000000008d800000, 0x000000008d900000|  0%| F|  |TAMS 0x000000008d800000| PB 0x000000008d800000| Untracked 
|  69|0x000000008d900000, 0x000000008d900000, 0x000000008da00000|  0%| F|  |TAMS 0x000000008d900000| PB 0x000000008d900000| Untracked 
|  70|0x000000008da00000, 0x000000008da00000, 0x000000008db00000|  0%| F|  |TAMS 0x000000008da00000| PB 0x000000008da00000| Untracked 
|  71|0x000000008db00000, 0x000000008db00000, 0x000000008dc00000|  0%| F|  |TAMS 0x000000008db00000| PB 0x000000008db00000| Untracked 
|  72|0x000000008dc00000, 0x000000008dc00000, 0x000000008dd00000|  0%| F|  |TAMS 0x000000008dc00000| PB 0x000000008dc00000| Untracked 
|  73|0x000000008dd00000, 0x000000008dd00000, 0x000000008de00000|  0%| F|  |TAMS 0x000000008dd00000| PB 0x000000008dd00000| Untracked 
|  74|0x000000008de00000, 0x000000008de00000, 0x000000008df00000|  0%| F|  |TAMS 0x000000008de00000| PB 0x000000008de00000| Untracked 
|  75|0x000000008df00000, 0x000000008df00000, 0x000000008e000000|  0%| F|  |TAMS 0x000000008df00000| PB 0x000000008df00000| Untracked 
|  76|0x000000008e000000, 0x000000008e000000, 0x000000008e100000|  0%| F|  |TAMS 0x000000008e000000| PB 0x000000008e000000| Untracked 
|  77|0x000000008e100000, 0x000000008e100000, 0x000000008e200000|  0%| F|  |TAMS 0x000000008e100000| PB 0x000000008e100000| Untracked 
|  78|0x000000008e200000, 0x000000008e200000, 0x000000008e300000|  0%| F|  |TAMS 0x000000008e200000| PB 0x000000008e200000| Untracked 
|  79|0x000000008e300000, 0x000000008e300000, 0x000000008e400000|  0%| F|  |TAMS 0x000000008e300000| PB 0x000000008e300000| Untracked 
|  80|0x000000008e400000, 0x000000008e400000, 0x000000008e500000|  0%| F|  |TAMS 0x000000008e400000| PB 0x000000008e400000| Untracked 
|  81|0x000000008e500000, 0x000000008e500000, 0x000000008e600000|  0%| F|  |TAMS 0x000000008e500000| PB 0x000000008e500000| Untracked 
|  82|0x000000008e600000, 0x000000008e600000, 0x000000008e700000|  0%| F|  |TAMS 0x000000008e600000| PB 0x000000008e600000| Untracked 
|  83|0x000000008e700000, 0x000000008e700000, 0x000000008e800000|  0%| F|  |TAMS 0x000000008e700000| PB 0x000000008e700000| Untracked 
|  84|0x000000008e800000, 0x000000008e800000, 0x000000008e900000|  0%| F|  |TAMS 0x000000008e800000| PB 0x000000008e800000| Untracked 
|  85|0x000000008e900000, 0x000000008e900000, 0x000000008ea00000|  0%| F|  |TAMS 0x000000008e900000| PB 0x000000008e900000| Untracked 
|  86|0x000000008ea00000, 0x000000008ea00000, 0x000000008eb00000|  0%| F|  |TAMS 0x000000008ea00000| PB 0x000000008ea00000| Untracked 
|  87|0x000000008eb00000, 0x000000008eb00000, 0x000000008ec00000|  0%| F|  |TAMS 0x000000008eb00000| PB 0x000000008eb00000| Untracked 
|  88|0x000000008ec00000, 0x000000008ec00000, 0x000000008ed00000|  0%| F|  |TAMS 0x000000008ec00000| PB 0x000000008ec00000| Untracked 
|  89|0x000000008ed00000, 0x000000008ed00000, 0x000000008ee00000|  0%| F|  |TAMS 0x000000008ed00000| PB 0x000000008ed00000| Untracked 
|  90|0x000000008ee00000, 0x000000008ee00000, 0x000000008ef00000|  0%| F|  |TAMS 0x000000008ee00000| PB 0x000000008ee00000| Untracked 
|  91|0x000000008ef00000, 0x000000008ef00000, 0x000000008f000000|  0%| F|  |TAMS 0x000000008ef00000| PB 0x000000008ef00000| Untracked 
|  92|0x000000008f000000, 0x000000008f000000, 0x000000008f100000|  0%| F|  |TAMS 0x000000008f000000| PB 0x000000008f000000| Untracked 
|  93|0x000000008f100000, 0x000000008f100000, 0x000000008f200000|  0%| F|  |TAMS 0x000000008f100000| PB 0x000000008f100000| Untracked 
|  94|0x000000008f200000, 0x000000008f200000, 0x000000008f300000|  0%| F|  |TAMS 0x000000008f200000| PB 0x000000008f200000| Untracked 
|  95|0x000000008f300000, 0x000000008f300000, 0x000000008f400000|  0%| F|  |TAMS 0x000000008f300000| PB 0x000000008f300000| Untracked 
|  96|0x000000008f400000, 0x000000008f400000, 0x000000008f500000|  0%| F|  |TAMS 0x000000008f400000| PB 0x000000008f400000| Untracked 
|  97|0x000000008f500000, 0x000000008f500000, 0x000000008f600000|  0%| F|  |TAMS 0x000000008f500000| PB 0x000000008f500000| Untracked 
|  98|0x000000008f600000, 0x000000008f600000, 0x000000008f700000|  0%| F|  |TAMS 0x000000008f600000| PB 0x000000008f600000| Untracked 
|  99|0x000000008f700000, 0x000000008f700000, 0x000000008f800000|  0%| F|  |TAMS 0x000000008f700000| PB 0x000000008f700000| Untracked 
| 100|0x000000008f800000, 0x000000008f800000, 0x000000008f900000|  0%| F|  |TAMS 0x000000008f800000| PB 0x000000008f800000| Untracked 
| 101|0x000000008f900000, 0x000000008f900000, 0x000000008fa00000|  0%| F|  |TAMS 0x000000008f900000| PB 0x000000008f900000| Untracked 
| 102|0x000000008fa00000, 0x000000008fa00000, 0x000000008fb00000|  0%| F|  |TAMS 0x000000008fa00000| PB 0x000000008fa00000| Untracked 
| 103|0x000000008fb00000, 0x000000008fb00000, 0x000000008fc00000|  0%| F|  |TAMS 0x000000008fb00000| PB 0x000000008fb00000| Untracked 
| 104|0x000000008fc00000, 0x000000008fc00000, 0x000000008fd00000|  0%| F|  |TAMS 0x000000008fc00000| PB 0x000000008fc00000| Untracked 
| 105|0x000000008fd00000, 0x000000008fd00000, 0x000000008fe00000|  0%| F|  |TAMS 0x000000008fd00000| PB 0x000000008fd00000| Untracked 
| 106|0x000000008fe00000, 0x000000008fe00000, 0x000000008ff00000|  0%| F|  |TAMS 0x000000008fe00000| PB 0x000000008fe00000| Untracked 
| 107|0x000000008ff00000, 0x000000008ff00000, 0x0000000090000000|  0%| F|  |TAMS 0x000000008ff00000| PB 0x000000008ff00000| Untracked 
| 108|0x0000000090000000, 0x0000000090000000, 0x0000000090100000|  0%| F|  |TAMS 0x0000000090000000| PB 0x0000000090000000| Untracked 
| 109|0x0000000090100000, 0x0000000090100000, 0x0000000090200000|  0%| F|  |TAMS 0x0000000090100000| PB 0x0000000090100000| Untracked 
| 110|0x0000000090200000, 0x0000000090200000, 0x0000000090300000|  0%| F|  |TAMS 0x0000000090200000| PB 0x0000000090200000| Untracked 
| 111|0x0000000090300000, 0x0000000090300000, 0x0000000090400000|  0%| F|  |TAMS 0x0000000090300000| PB 0x0000000090300000| Untracked 
| 112|0x0000000090400000, 0x0000000090400000, 0x0000000090500000|  0%| F|  |TAMS 0x0000000090400000| PB 0x0000000090400000| Untracked 
| 113|0x0000000090500000, 0x0000000090500000, 0x0000000090600000|  0%| F|  |TAMS 0x0000000090500000| PB 0x0000000090500000| Untracked 
| 114|0x0000000090600000, 0x00000000906f6480, 0x0000000090700000| 96%| E|  |TAMS 0x0000000090600000| PB 0x0000000090600000| Complete 
| 115|0x0000000090700000, 0x0000000090800000, 0x0000000090800000|100%| E|CS|TAMS 0x0000000090700000| PB 0x0000000090700000| Complete 
| 116|0x0000000090800000, 0x0000000090900000, 0x0000000090900000|100%| E|CS|TAMS 0x0000000090800000| PB 0x0000000090800000| Complete 
| 117|0x0000000090900000, 0x0000000090a00000, 0x0000000090a00000|100%| E|CS|TAMS 0x0000000090900000| PB 0x0000000090900000| Complete 
| 118|0x0000000090a00000, 0x0000000090b00000, 0x0000000090b00000|100%| E|CS|TAMS 0x0000000090a00000| PB 0x0000000090a00000| Complete 
| 119|0x0000000090b00000, 0x0000000090c00000, 0x0000000090c00000|100%| E|CS|TAMS 0x0000000090b00000| PB 0x0000000090b00000| Complete 

Card table byte_map: [0x00000150bb330000,0x00000150bb6f0000] _byte_map_base: 0x00000150baee6000

Marking Bits: (CMBitMap*) 0x00000150a32c8a20
 Bits: [0x00000150bb6f0000, 0x00000150bd4a0000)

Polling page: 0x00000150a0f70000

Metaspace:

Usage:
  Non-class:      8.33 MB used.
      Class:    798.03 KB used.
       Both:      9.11 MB used.

Virtual space:
  Non-class space:       64.00 MB reserved,       8.38 MB ( 13%) committed,  1 nodes.
      Class space:        1.00 GB reserved,     896.00 KB ( <1%) committed,  1 nodes.
             Both:        1.06 GB reserved,       9.25 MB ( <1%) committed. 

Chunk freelists:
   Non-Class:  6.92 MB
       Class:  15.18 MB
        Both:  22.11 MB

MaxMetaspaceSize: unlimited
CompressedClassSpaceSize: 1.00 GB
Initial GC threshold: 21.00 MB
Current GC threshold: 21.00 MB
CDS: off
 - commit_granule_bytes: 65536.
 - commit_granule_words: 8192.
 - virtual_space_node_default_size: 8388608.
 - enlarge_chunks_in_place: 1.
 - use_allocation_guard: 0.


Internal statistics:

num_allocs_failed_limit: 0.
num_arena_births: 66.
num_arena_deaths: 0.
num_vsnodes_births: 2.
num_vsnodes_deaths: 0.
num_space_committed: 148.
num_space_uncommitted: 0.
num_chunks_returned_to_freelist: 0.
num_chunks_taken_from_freelist: 120.
num_chunk_merges: 0.
num_chunk_splits: 67.
num_chunks_enlarged: 38.
num_inconsistent_stats: 0.

CodeHeap 'non-profiled nmethods': size=119168Kb used=148Kb max_used=148Kb free=119019Kb
 bounds [0x00000150b3280000, 0x00000150b34f0000, 0x00000150ba6e0000]
CodeHeap 'profiled nmethods': size=119104Kb used=675Kb max_used=675Kb free=118428Kb
 bounds [0x00000150ab6e0000, 0x00000150ab950000, 0x00000150b2b30000]
CodeHeap 'non-nmethods': size=7488Kb used=1893Kb max_used=1893Kb free=5594Kb
 bounds [0x00000150b2b30000, 0x00000150b2da0000, 0x00000150b3280000]
 total_blobs=946 nmethods=503 adapters=347
 compilation: enabled
              stopped_count=0, restarted_count=0
 full_count=0

Compilation events (20 events):
Event: 0.400 Thread 0x00000150c06d3070 nmethod 478 0x00000150b32a4090 code [0x00000150b32a4220, 0x00000150b32a42e8]
Event: 0.400 Thread 0x00000150c04fae20  479       3       java.util.concurrent.ConcurrentHashMap$EntryIterator::next (5 bytes)
Event: 0.400 Thread 0x00000150c06d3070  480       3       java.util.concurrent.ConcurrentHashMap$EntryIterator::next (51 bytes)
Event: 0.400 Thread 0x00000150c04fae20 nmethod 479 0x00000150ab776690 code [0x00000150ab776840, 0x00000150ab776978]
Event: 0.400 Thread 0x00000150c04fae20  481       3       java.util.concurrent.ConcurrentHashMap$MapEntry::<init> (20 bytes)
Event: 0.400 Thread 0x00000150c04fae20 nmethod 481 0x00000150ab776a10 code [0x00000150ab776bc0, 0x00000150ab776e40]
Event: 0.400 Thread 0x00000150c06d3070 nmethod 480 0x00000150ab776f10 code [0x00000150ab777100, 0x00000150ab7775b0]
Event: 0.401 Thread 0x00000150c06d3070  482       3       jdk.internal.module.SystemModuleFinders$SystemModuleReader::find (59 bytes)
Event: 0.401 Thread 0x00000150c04fae20  483       3       jdk.internal.module.SystemModuleFinders$SystemModuleReader::containsImageLocation (42 bytes)
Event: 0.402 Thread 0x00000150c04fae20 nmethod 483 0x00000150ab777710 code [0x00000150ab777940, 0x00000150ab777f90]
Event: 0.402 Thread 0x00000150c04fae20  484       3       jdk.internal.jimage.ImageReader::verifyLocation (14 bytes)
Event: 0.402 Thread 0x00000150c06d3070 nmethod 482 0x00000150ab778210 code [0x00000150ab7784e0, 0x00000150ab779068]
Event: 0.402 Thread 0x00000150c04fae20 nmethod 484 0x00000150ab779510 code [0x00000150ab7796e0, 0x00000150ab7799d0]
Event: 0.402 Thread 0x00000150c04fae20  485       3       jdk.internal.jimage.BasicImageReader::verifyLocation (39 bytes)
Event: 0.402 Thread 0x00000150c06d3070  488       3       jdk.internal.jimage.ImageStringsReader::stringFromByteBufferMatches (138 bytes)
Event: 0.402 Thread 0x00000150c04fae20 nmethod 485 0x00000150ab779b10 code [0x00000150ab779ce0, 0x00000150ab779fb8]
Event: 0.402 Thread 0x00000150c04fae20  486       3       jdk.internal.jimage.ImageStringsReader::match (11 bytes)
Event: 0.402 Thread 0x00000150c04fae20 nmethod 486 0x00000150ab77a110 code [0x00000150ab77a2c0, 0x00000150ab77a488]
Event: 0.402 Thread 0x00000150c04fae20  487       3       jdk.internal.jimage.BasicImageReader::match (37 bytes)
Event: 0.402 Thread 0x00000150c04fae20 nmethod 487 0x00000150ab77a590 code [0x00000150ab77a760, 0x00000150ab77a9b0]

GC Heap History (0 events):
No events

Dll operation events (6 events):
Event: 0.016 Loaded shared library C:\Program Files\Java\jdk-21\bin\java.dll
Event: 0.115 Loaded shared library C:\Program Files\Java\jdk-21\bin\jsvml.dll
Event: 0.240 Loaded shared library C:\Program Files\Java\jdk-21\bin\net.dll
Event: 0.243 Loaded shared library C:\Program Files\Java\jdk-21\bin\nio.dll
Event: 0.280 Loaded shared library C:\Program Files\Java\jdk-21\bin\zip.dll
Event: 0.291 Loaded shared library C:\Program Files\Java\jdk-21\bin\jimage.dll

Deoptimization events (0 events):
No events

Classes loaded (20 events):
Event: 0.388 Loading class java/util/ResourceBundle$KeyElementReference done
Event: 0.388 Loading class sun/util/locale/LocaleObjectCache$CacheEntry
Event: 0.388 Loading class sun/util/locale/LocaleObjectCache$CacheEntry done
Event: 0.389 Loading class sun/util/resources/Bundles
Event: 0.389 Loading class sun/util/resources/Bundles done
Event: 0.389 Loading class sun/util/resources/Bundles$1
Event: 0.389 Loading class sun/util/resources/Bundles$1 done
Event: 0.389 Loading class java/util/ResourceBundle$Control$2
Event: 0.389 Loading class java/util/ResourceBundle$Control$2 done
Event: 0.391 Loading class java/util/PropertyResourceBundle
Event: 0.391 Loading class java/util/PropertyResourceBundle done
Event: 0.391 Loading class sun/util/PropertyResourceBundleCharset
Event: 0.391 Loading class sun/util/PropertyResourceBundleCharset done
Event: 0.392 Loading class sun/util/PropertyResourceBundleCharset$PropertiesFileDecoder
Event: 0.392 Loading class sun/util/PropertyResourceBundleCharset$PropertiesFileDecoder done
Event: 0.392 Loading class java/util/Properties$LineReader
Event: 0.392 Loading class java/util/Properties$LineReader done
Event: 0.400 Loading class java/util/ResourceBundle$BundleReference
Event: 0.400 Loading class java/util/ResourceBundle$BundleReference done
Event: 0.402 Loading class java/text/MessageFormat

Classes unloaded (0 events):
No events

Classes redefined (0 events):
No events

Internal exceptions (4 events):
Event: 0.245 Thread 0x00000150a3279200 Exception <a 'sun/nio/fs/WindowsException'{0x0000000090a58208}> (0x0000000090a58208) 
thrown [s\open\src\hotspot\share\prims\jni.cpp, line 520]
Event: 0.248 Thread 0x00000150a3279200 Exception <a 'sun/nio/fs/WindowsException'{0x0000000090a5a6c8}> (0x0000000090a5a6c8) 
thrown [s\open\src\hotspot\share\prims\jni.cpp, line 520]
Event: 0.344 Thread 0x00000150a3279200 Exception <a 'java/lang/NoSuchMethodError'{0x000000009082e6a8}: 'void java.lang.invoke.DirectMethodHandle$Holder.invokeStatic(java.lang.Object, java.lang.Object)'> (0x000000009082e6a8) 
thrown [s\open\src\hotspot\share\interpreter\linkResolver.cpp, line 773]
Event: 0.382 Thread 0x00000150a3279200 Exception <a 'java/lang/NoSuchMethodError'{0x0000000090758f50}: 'java.lang.Object java.lang.invoke.DirectMethodHandle$Holder.invokeInterface(java.lang.Object, java.lang.Object)'> (0x0000000090758f50) 
thrown [s\open\src\hotspot\share\interpreter\linkResolver.cpp, line 773]

ZGC Phase Switch (0 events):
No events

VM Operations (4 events):
Event: 0.250 Executing VM operation: HandshakeAllThreads (Deoptimize)
Event: 0.250 Executing VM operation: HandshakeAllThreads (Deoptimize) done
Event: 0.351 Executing VM operation: HandshakeAllThreads (Deoptimize)
Event: 0.351 Executing VM operation: HandshakeAllThreads (Deoptimize) done

Events (14 events):
Event: 0.031 Thread 0x00000150a3279200 Thread added: 0x00000150a3279200
Event: 0.110 Thread 0x00000150c04c9880 Thread added: 0x00000150c04c9880
Event: 0.110 Thread 0x00000150c05081a0 Thread added: 0x00000150c05081a0
Event: 0.112 Thread 0x00000150c051a220 Thread added: 0x00000150c051a220
Event: 0.113 Thread 0x00000150c04f62c0 Thread added: 0x00000150c04f62c0
Event: 0.113 Thread 0x00000150c04f6d20 Thread added: 0x00000150c04f6d20
Event: 0.113 Thread 0x00000150c04f7ae0 Thread added: 0x00000150c04f7ae0
Event: 0.113 Thread 0x00000150c04fa1d0 Thread added: 0x00000150c04fa1d0
Event: 0.113 Thread 0x00000150c04fae20 Thread added: 0x00000150c04fae20
Event: 0.213 Thread 0x00000150c0401b70 Thread added: 0x00000150c0401b70
Event: 0.229 Thread 0x00000150c06d3070 Thread added: 0x00000150c06d3070
Event: 0.255 Thread 0x00000150c07069a0 Thread added: 0x00000150c07069a0
Event: 0.262 Thread 0x00000150c501d050 Thread added: 0x00000150c501d050
Event: 0.345 Thread 0x00000150c504bbf0 Thread added: 0x00000150c504bbf0


Dynamic libraries:
0x00007ff764aa0000 - 0x00007ff764ab0000 	C:\Program Files\Java\jdk-21\bin\java.exe
0x00007ff9973d0000 - 0x00007ff9975e7000 	C:\WINDOWS\SYSTEM32\ntdll.dll
0x00007ff9966a0000 - 0x00007ff996764000 	C:\WINDOWS\System32\KERNEL32.DLL
0x00007ff994900000 - 0x00007ff994ca7000 	C:\WINDOWS\System32\KERNELBASE.dll
0x00007ff994e20000 - 0x00007ff994f31000 	C:\WINDOWS\System32\ucrtbase.dll
0x00007ff986760000 - 0x00007ff98677b000 	C:\Program Files\Java\jdk-21\bin\VCRUNTIME140.dll
0x00007ff9866f0000 - 0x00007ff986709000 	C:\Program Files\Java\jdk-21\bin\jli.dll
0x00007ff9965e0000 - 0x00007ff996692000 	C:\WINDOWS\System32\ADVAPI32.dll
0x00007ff9956d0000 - 0x00007ff995777000 	C:\WINDOWS\System32\msvcrt.dll
0x00007ff996780000 - 0x00007ff996828000 	C:\WINDOWS\System32\sechost.dll
0x00007ff9950a0000 - 0x00007ff9950c8000 	C:\WINDOWS\System32\bcrypt.dll
0x00007ff995100000 - 0x00007ff995215000 	C:\WINDOWS\System32\RPCRT4.dll
0x00007ff996ff0000 - 0x00007ff99719e000 	C:\WINDOWS\System32\USER32.dll
0x00007ff9950d0000 - 0x00007ff9950f6000 	C:\WINDOWS\System32\win32u.dll
0x00007ff997360000 - 0x00007ff997389000 	C:\WINDOWS\System32\GDI32.dll
0x00007ff989db0000 - 0x00007ff98a043000 	C:\WINDOWS\WinSxS\amd64_microsoft.windows.common-controls_6595b64144ccf1df_6.0.22621.3527_none_270e469b73872a76\COMCTL32.dll
0x00007ff9947e0000 - 0x00007ff9948f9000 	C:\WINDOWS\System32\gdi32full.dll
0x00007ff994f40000 - 0x00007ff994fda000 	C:\WINDOWS\System32\msvcp_win.dll
0x00007ff98b070000 - 0x00007ff98b07a000 	C:\WINDOWS\SYSTEM32\VERSION.dll
0x00007ff995880000 - 0x00007ff9958b1000 	C:\WINDOWS\System32\IMM32.DLL
0x00007ff98f4c0000 - 0x00007ff98f4cc000 	C:\Program Files\Java\jdk-21\bin\vcruntime140_1.dll
0x00007ff97a6e0000 - 0x00007ff97a76e000 	C:\Program Files\Java\jdk-21\bin\msvcp140.dll
0x00007ff957a00000 - 0x00007ff958717000 	C:\Program Files\Java\jdk-21\bin\server\jvm.dll
0x00007ff995560000 - 0x00007ff9955d1000 	C:\WINDOWS\System32\WS2_32.dll
0x00007ff994400000 - 0x00007ff99444d000 	C:\WINDOWS\SYSTEM32\POWRPROF.dll
0x00007ff98bbb0000 - 0x00007ff98bbe4000 	C:\WINDOWS\SYSTEM32\WINMM.dll
0x00007ff9943e0000 - 0x00007ff9943f3000 	C:\WINDOWS\SYSTEM32\UMPDC.dll
0x00007ff993710000 - 0x00007ff993728000 	C:\WINDOWS\SYSTEM32\kernel.appcore.dll
0x00007ff98e940000 - 0x00007ff98e94a000 	C:\Program Files\Java\jdk-21\bin\jimage.dll
0x00007ff992060000 - 0x00007ff992292000 	C:\WINDOWS\SYSTEM32\DBGHELP.DLL
0x00007ff996240000 - 0x00007ff9965c8000 	C:\WINDOWS\System32\combase.dll
0x00007ff997200000 - 0x00007ff9972d7000 	C:\WINDOWS\System32\OLEAUT32.dll
0x00007ff986880000 - 0x00007ff9868b2000 	C:\WINDOWS\SYSTEM32\dbgcore.DLL
0x00007ff994760000 - 0x00007ff9947d9000 	C:\WINDOWS\System32\bcryptPrimitives.dll
0x00007ff986680000 - 0x00007ff98669f000 	C:\Program Files\Java\jdk-21\bin\java.dll
0x00007ff9958c0000 - 0x00007ff99611c000 	C:\WINDOWS\System32\SHELL32.dll
0x00007ff992630000 - 0x00007ff992f26000 	C:\WINDOWS\SYSTEM32\windows.storage.dll
0x00007ff9924f0000 - 0x00007ff99262e000 	C:\WINDOWS\SYSTEM32\wintypes.dll
0x00007ff995780000 - 0x00007ff995875000 	C:\WINDOWS\System32\SHCORE.dll
0x00007ff9971a0000 - 0x00007ff9971fe000 	C:\WINDOWS\System32\shlwapi.dll
0x00007ff994620000 - 0x00007ff994641000 	C:\WINDOWS\SYSTEM32\profapi.dll
0x00007ff96cd90000 - 0x00007ff96ce67000 	C:\Program Files\Java\jdk-21\bin\jsvml.dll
0x00007ff98dd90000 - 0x00007ff98dda0000 	C:\Program Files\Java\jdk-21\bin\net.dll
0x00007ff98e7e0000 - 0x00007ff98e916000 	C:\WINDOWS\SYSTEM32\WINHTTP.dll
0x00007ff993b80000 - 0x00007ff993be9000 	C:\WINDOWS\system32\mswsock.dll
0x00007ff983eb0000 - 0x00007ff983ec6000 	C:\Program Files\Java\jdk-21\bin\nio.dll
0x00007ff97f270000 - 0x00007ff97f288000 	C:\Program Files\Java\jdk-21\bin\zip.dll

dbghelp: loaded successfully - version: 4.0.5 - missing functions: none
symbol engine: initialized successfully - sym options: 0x614 - pdb path: .;C:\Program Files\Java\jdk-21\bin;C:\WINDOWS\SYSTEM32;C:\WINDOWS\WinSxS\amd64_microsoft.windows.common-controls_6595b64144ccf1df_6.0.22621.3527_none_270e469b73872a76;C:\Program Files\Java\jdk-21\bin\server

VM Arguments:
jvm_args: -Dfile.encoding=UTF-8 --module-path=D:\DATA TOPSECRET\PenjualanDataMobilSportsTOPSECRET\build\classes 
java_command: penjualandatamobilsportstopsecret.PenjualanDataMobilSportsTOPSECRET
java_class_path (initial): D:\MATERI DATABASE PRAKTIKUM\mysql-connector-j-8.4.0\mysql-connector-j-8.4.0.jar;D:\DATA TOPSECRET\PenjualanDataMobilSportsTOPSECRET\build\classes
Launcher Type: SUN_STANDARD

[Global flags]
     intx CICompilerCount                          = 12                                        {product} {ergonomic}
     uint ConcGCThreads                            = 3                                         {product} {ergonomic}
     uint G1ConcRefinementThreads                  = 13                                        {product} {ergonomic}
   size_t G1HeapRegionSize                         = 1048576                                   {product} {ergonomic}
    uintx GCDrainStackTargetSize                   = 64                                        {product} {ergonomic}
   size_t InitialHeapSize                          = 125829120                                 {product} {ergonomic}
   size_t MarkStackSize                            = 4194304                                   {product} {ergonomic}
   size_t MaxHeapSize                              = 1992294400                                {product} {ergonomic}
   size_t MaxNewSize                               = 1195376640                                {product} {ergonomic}
   size_t MinHeapDeltaBytes                        = 1048576                                   {product} {ergonomic}
   size_t MinHeapSize                              = 8388608                                   {product} {ergonomic}
    uintx NonNMethodCodeHeapSize                   = 7602480                                {pd product} {ergonomic}
    uintx NonProfiledCodeHeapSize                  = 122027880                              {pd product} {ergonomic}
    uintx ProfiledCodeHeapSize                     = 122027880                              {pd product} {ergonomic}
    uintx ReservedCodeCacheSize                    = 251658240                              {pd product} {ergonomic}
     bool SegmentedCodeCache                       = true                                      {product} {ergonomic}
   size_t SoftMaxHeapSize                          = 1992294400                             {manageable} {ergonomic}
     bool UseCompressedOops                        = true                           {product lp64_product} {ergonomic}
     bool UseG1GC                                  = true                                      {product} {ergonomic}
     bool UseLargePagesIndividualAllocation        = false                                  {pd product} {ergonomic}

Logging:
Log output configuration:
 #0: stdout all=warning uptime,level,tags foldmultilines=false
 #1: stderr all=off uptime,level,tags foldmultilines=false

Environment Variables:
PATH=C:\Program Files\Common Files\Oracle\Java\javapath;C:\Windows\system32;C:\Windows;C:\Windows\System32\Wbem;C:\Windows\System32\WindowsPowerShell\v1.0\;C:\Windows\System32\OpenSSH\;C:\Program Files (x86)\NVIDIA Corporation\PhysX\Common;D:\PYTHON\00 TEMPLATE;D:\PYTHON\TUTORIAL PYTHON;D:\PYTHON\TUTORIAL PYTHON\00 - TEMPLATE;D:\PYTHON\BELAJAR;C:\Program Files\dotnet\;D:\Proyek Alpro;D:\Proyek Alpro\PROJEK AKHIR;C:\mingw32\bin;C:\WINDOWS\system32;C:\WINDOWS;C:\WINDOWS\System32\Wbem;C:\WINDOWS\System32\WindowsPowerShell\v1.0\;C:\WINDOWS\System32\OpenSSH\;D:\XAMPP\php;D:\Node JS\;C:\ProgramData\ComposerSetup\bin;D:\XAMPP\php\php.exe;C:\Program Files\Cloudflare\Cloudflare WARP\;C:\Program Files\Microsoft SQL Server\110\Tools\Binn\;D:\Putty Exe Cybersecurity\;D:\VISUAL STUDIO\Common7\IDE;C:\Users\Asus\AppData\Local\Programs\Python\Python311;D:\Git\Git\cmd;D:\XAMPP\php;C:\Users\Asus\AppData\Roaming\Composer\vendor\bin;C:\Users\Asus\AppData\Roaming\npm;D:\Intelij IDEA\IntelliJ IDEA 2023.3.4\bin;;D:\Data VSCode\Microsoft VS Code\bin;D:\wget;
USERNAME=Asus
OS=Windows_NT
PROCESSOR_IDENTIFIER=AMD64 Family 23 Model 96 Stepping 1, AuthenticAMD
TMP=C:\Users\Asus\AppData\Local\Temp
TEMP=C:\Users\Asus\AppData\Local\Temp




Periodic native trim disabled

---------------  S Y S T E M  ---------------

OS:
 Windows 11 , 64 bit Build 22621 (10.0.22621.3527)
OS uptime: 0 days 3:44 hours

CPU: total 16 (initial active 16) (16 cores per cpu, 2 threads per core) family 23 model 96 stepping 1 microcode 0x0, cx8, cmov, fxsr, ht, mmx, 3dnowpref, sse, sse2, sse3, ssse3, sse4a, sse4.1, sse4.2, popcnt, lzcnt, tsc, tscinvbit, avx, avx2, aes, clmul, bmi1, bmi2, adx, sha, fma, vzeroupper, clflush, clflushopt, rdtscp, rdpid, f16c
Processor Information for all 16 processors :
  Max Mhz: 2901, Current Mhz: 2901, Mhz Limit: 2901

Memory: 4k page, system-wide physical 7599M (584M free)
TotalPageFile size 21544M (AvailPageFile size 0M)
current process WorkingSet (physical memory assigned to process): 42M, peak: 42M
current process commit charge ("private bytes"): 213M, peak: 213M

vm_info: Java HotSpot(TM) 64-Bit Server VM (21.0.2+13-LTS-58) for windows-amd64 JRE (21.0.2+13-LTS-58), built on 2024-01-05T18:32:24Z by "mach5one" with MS VC++ 17.1 (VS2022)

END.
